<?xml version="1.0" encoding="UTF-8"?>
<testng-results ignored="0" total="1" passed="1" failed="0" skipped="0">
  <reporter-output>
  </reporter-output>
  <suite started-at="2020-05-02T13:03:46 IST" name="Suite" finished-at="2020-05-02T13:04:30 IST" duration-ms="43810">
    <groups>
    </groups>
    <test started-at="2020-05-02T13:03:46 IST" name="Test" finished-at="2020-05-02T13:04:30 IST" duration-ms="43810">
      <class name="WayTest.Functional">
        <test-method is-config="true" signature="toPage()[pri:0, instance:WayTest.Functional@4f67eb2a]" started-at="2020-05-02T13:03:46 IST" name="toPage" finished-at="2020-05-02T13:04:16 IST" duration-ms="29325" status="PASS">
          <reporter-output>
          </reporter-output>
        </test-method> <!-- toPage -->
        <test-method signature="FlightPage()[pri:0, instance:WayTest.Functional@4f67eb2a]" started-at="2020-05-02T13:04:16 IST" name="FlightPage" finished-at="2020-05-02T13:04:30 IST" duration-ms="14389" status="PASS">
          <reporter-output>
          </reporter-output>
        </test-method> <!-- FlightPage -->
      </class> <!-- WayTest.Functional -->
    </test> <!-- Test -->
  </suite> <!-- Suite -->
</testng-results>
